
POST /api/users/register 06-08-2023_11:23:31
POST /api/users/register 06-08-2023_11:23:47
POST /api/users/register 06-08-2023_11:24:09
POST /api/users/register 06-08-2023_11:25:50
POST /api/users/register 06-08-2023_11:26:30
POST /api/users/register 07-08-2023_12:00:08
POST /api/users/register 07-08-2023_12:00:16
POST /api/users/register 07-08-2023_12:00:29
POST /api/users/register 07-08-2023_12:00:41
GET /api-docs/ 07-08-2023_12:20:30
GET /api-docs/swagger-ui.css 07-08-2023_12:20:30
GET /api-docs/swagger-ui-standalone-preset.js 07-08-2023_12:20:30
GET /api-docs/swagger-ui-bundle.js 07-08-2023_12:20:30
GET /api-docs/swagger-ui-init.js 07-08-2023_12:20:30
GET /api-docs/ 07-08-2023_12:21:37
GET /api-docs/swagger-ui-bundle.js 07-08-2023_12:21:37
GET /api-docs/swagger-ui.css 07-08-2023_12:21:37
GET /api-docs/swagger-ui-standalone-preset.js 07-08-2023_12:21:37
GET /api-docs/swagger-ui-init.js 07-08-2023_12:21:37
GET /api-docs/favicon-32x32.png 07-08-2023_12:21:38
GET /api-docs/ 07-08-2023_12:25:19
GET /api-docs/swagger-ui.css 07-08-2023_12:25:19
GET /api-docs/swagger-ui-bundle.js 07-08-2023_12:25:19
GET /api-docs/swagger-ui-standalone-preset.js 07-08-2023_12:25:19
GET /api-docs/swagger-ui-init.js 07-08-2023_12:25:19
GET /api-docs/favicon-32x32.png 07-08-2023_12:25:20
POST /api/users/register 07-08-2023_12:32:15
POST /api/users/register 07-08-2023_12:32:29
POST /api/users/register 07-08-2023_12:35:07
POST /api/users/register 07-08-2023_12:35:29
GET /api-docs/ 07-08-2023_12:35:46
GET /api-docs/swagger-ui.css 07-08-2023_12:35:46
GET /api-docs/swagger-ui-bundle.js 07-08-2023_12:35:46
GET /api-docs/swagger-ui-init.js 07-08-2023_12:35:46
GET /api-docs/swagger-ui-standalone-preset.js 07-08-2023_12:35:46
GET /api-docs/favicon-32x32.png 07-08-2023_12:35:46
GET /api-docs/ 07-08-2023_12:37:35
GET /api-docs/swagger-ui.css 07-08-2023_12:37:36
GET /api-docs/swagger-ui-bundle.js 07-08-2023_12:37:36
GET /api-docs/swagger-ui-standalone-preset.js 07-08-2023_12:37:36
GET /api-docs/swagger-ui-init.js 07-08-2023_12:37:36
GET /api-docs/favicon-32x32.png 07-08-2023_12:37:36
GET /api-docs/ 07-08-2023_12:38:21
GET /api-docs/swagger-ui.css 07-08-2023_12:38:22
GET /api-docs/swagger-ui-bundle.js 07-08-2023_12:38:22
GET /api-docs/swagger-ui-standalone-preset.js 07-08-2023_12:38:22
GET /api-docs/swagger-ui-init.js 07-08-2023_12:38:22
GET /api-docs/favicon-32x32.png 07-08-2023_12:38:22
GET /api-docs/ 07-08-2023_12:45:33
GET /api-docs/swagger-ui-bundle.js 07-08-2023_12:45:33
GET /api-docs/swagger-ui.css 07-08-2023_12:45:33
GET /api-docs/swagger-ui-standalone-preset.js 07-08-2023_12:45:33
GET /api-docs/swagger-ui-init.js 07-08-2023_12:45:33
GET /api-docs/favicon-32x32.png 07-08-2023_12:45:34
GET /api-docs/ 07-08-2023_12:45:44
GET /api-docs/swagger-ui.css 07-08-2023_12:45:44
GET /api-docs/swagger-ui-bundle.js 07-08-2023_12:45:44
GET /api-docs/swagger-ui-standalone-preset.js 07-08-2023_12:45:44
GET /api-docs/swagger-ui-init.js 07-08-2023_12:45:44
GET /api-docs/favicon-32x32.png 07-08-2023_12:45:44